\BOOKMARK [1][-]{section.1}{Introduction}{}% 1
\BOOKMARK [1][-]{section.2}{Related\040Literature}{}% 2
\BOOKMARK [2][-]{subsection.2.1}{Literature\040on\040Borrowing\040Constraints}{section.2}% 3
\BOOKMARK [2][-]{subsection.2.2}{Further\040Literature\040on\040Financial\040Constraints\040and\040Household\040Heterogeneity}{section.2}% 4
\BOOKMARK [1][-]{section.3}{Model}{}% 5
\BOOKMARK [2][-]{subsection.3.1}{Households}{section.3}% 6
\BOOKMARK [2][-]{subsection.3.2}{Firms}{section.3}% 7
\BOOKMARK [2][-]{subsection.3.3}{Fiscal\040and\040Monetary\040Policy}{section.3}% 8
\BOOKMARK [2][-]{subsection.3.4}{Equilibrium}{section.3}% 9
\BOOKMARK [2][-]{subsection.3.5}{Model\040Extensions}{section.3}% 10
\BOOKMARK [1][-]{section.4}{Implementation\040and\040Calibration}{}% 11
\BOOKMARK [1][-]{section.5}{Results}{}% 12
\BOOKMARK [2][-]{subsection.5.1}{Comparison\040of\040Steady\040States}{section.5}% 13
\BOOKMARK [2][-]{subsection.5.2}{Transitional\040Dynamics}{section.5}% 14
\BOOKMARK [1][-]{section.6}{Sensitivity\040Analyses}{}% 15
\BOOKMARK [1][-]{section.7}{Conclusion}{}% 16
\BOOKMARK [1][-]{section*.7}{References}{}% 17
\BOOKMARK [1][-]{section*.8}{Appendices}{}% 18
\BOOKMARK [1][-]{appendix.a.A}{Full\040Model}{}% 19
\BOOKMARK [1][-]{appendix.a.B}{Description\040of\040Computer\040Codes}{}% 20
\BOOKMARK [1][-]{appendix.a.C}{Analogy\040of\040the\040Borrowing\040Limit\040Shock\040to\040an\040Income\040Risk\040Shock}{}% 21
